<?xml version="1.0" encoding="UTF-8"?>
<!-- Generated by org.testng.reporters.JUnitReportReporter -->
<testsuite skipped="0" hostname="DESKTOP-VQJO0ON" name="com.prac.testCases.ClickLinkTest" tests="1" failures="0" timestamp="23 Jul 2020 07:04:20 GMT" time="6.196" errors="0">
  <testcase name="clickLinkTest" time="6.196" classname="com.prac.testCases.ClickLinkTest"/>
</testsuite> <!-- com.prac.testCases.ClickLinkTest -->
